<?xml version="1.0" encoding="UTF-8"?>
<testsuite name="com.tlkble.suite.EventControllerTest" time="3.142" tests="16" errors="0" skipped="0" failures="0">
  <properties>
    <property name="java.runtime.name" value="OpenJDK Runtime Environment"/>
    <property name="sun.boot.library.path" value="/usr/lib/jvm/java-8-openjdk-amd64/jre/lib/amd64"/>
    <property name="java.vm.version" value="25.111-b14"/>
    <property name="awt.useSystemAAFontSettings" value="gasp"/>
    <property name="java.vm.vendor" value="Oracle Corporation"/>
    <property name="maven.multiModuleProjectDirectory" value="/home/ben/Documents/workspace-sts-3.9.1.RELEASE/talkable/tlkble"/>
    <property name="java.vendor.url" value="http://java.oracle.com/"/>
    <property name="path.separator" value=":"/>
    <property name="guice.disable.misplaced.annotation.check" value="true"/>
    <property name="java.vm.name" value="OpenJDK 64-Bit Server VM"/>
    <property name="file.encoding.pkg" value="sun.io"/>
    <property name="user.country" value="US"/>
    <property name="sun.java.launcher" value="SUN_STANDARD"/>
    <property name="sun.os.patch.level" value="unknown"/>
    <property name="java.vm.specification.name" value="Java Virtual Machine Specification"/>
    <property name="user.dir" value="/home/ben/Documents/workspace-sts-3.9.1.RELEASE/talkable/tlkble"/>
    <property name="java.runtime.version" value="1.8.0_111-8u111-b14-3-b14"/>
    <property name="java.awt.graphicsenv" value="sun.awt.X11GraphicsEnvironment"/>
    <property name="java.endorsed.dirs" value="/usr/lib/jvm/java-8-openjdk-amd64/jre/lib/endorsed"/>
    <property name="os.arch" value="amd64"/>
    <property name="java.io.tmpdir" value="/tmp"/>
    <property name="line.separator" value="&#10;"/>
    <property name="java.vm.specification.vendor" value="Oracle Corporation"/>
    <property name="os.name" value="Linux"/>
    <property name="classworlds.conf" value="/usr/share/maven/bin/m2.conf"/>
    <property name="sun.jnu.encoding" value="UTF-8"/>
    <property name="java.library.path" value="/usr/java/packages/lib/amd64:/usr/lib/x86_64-linux-gnu/jni:/lib/x86_64-linux-gnu:/usr/lib/x86_64-linux-gnu:/usr/lib/jni:/lib:/usr/lib"/>
    <property name="java.specification.name" value="Java Platform API Specification"/>
    <property name="java.class.version" value="52.0"/>
    <property name="sun.management.compiler" value="HotSpot 64-Bit Tiered Compilers"/>
    <property name="os.version" value="4.4.0-2-deepin-amd64"/>
    <property name="user.home" value="/home/ben"/>
    <property name="user.timezone" value="Etc/UTC"/>
    <property name="java.awt.printerjob" value="sun.print.PSPrinterJob"/>
    <property name="java.specification.version" value="1.8"/>
    <property name="file.encoding" value="UTF-8"/>
    <property name="user.name" value="ben"/>
    <property name="java.class.path" value="/usr/share/maven/boot/plexus-classworlds-2.x.jar"/>
    <property name="java.vm.specification.version" value="1.8"/>
    <property name="sun.arch.data.model" value="64"/>
    <property name="java.home" value="/usr/lib/jvm/java-8-openjdk-amd64/jre"/>
    <property name="sun.java.command" value="org.codehaus.plexus.classworlds.launcher.Launcher surefire-report:report"/>
    <property name="java.specification.vendor" value="Oracle Corporation"/>
    <property name="user.language" value="en"/>
    <property name="awt.toolkit" value="sun.awt.X11.XToolkit"/>
    <property name="java.vm.info" value="mixed mode"/>
    <property name="java.version" value="1.8.0_111"/>
    <property name="java.ext.dirs" value="/usr/lib/jvm/java-8-openjdk-amd64/jre/lib/ext:/usr/java/packages/lib/ext"/>
    <property name="securerandom.source" value="file:/dev/./urandom"/>
    <property name="sun.boot.class.path" value="/usr/lib/jvm/java-8-openjdk-amd64/jre/lib/resources.jar:/usr/lib/jvm/java-8-openjdk-amd64/jre/lib/rt.jar:/usr/lib/jvm/java-8-openjdk-amd64/jre/lib/sunrsasign.jar:/usr/lib/jvm/java-8-openjdk-amd64/jre/lib/jsse.jar:/usr/lib/jvm/java-8-openjdk-amd64/jre/lib/jce.jar:/usr/lib/jvm/java-8-openjdk-amd64/jre/lib/charsets.jar:/usr/lib/jvm/java-8-openjdk-amd64/jre/lib/jfr.jar:/usr/lib/jvm/java-8-openjdk-amd64/jre/classes"/>
    <property name="java.vendor" value="Oracle Corporation"/>
    <property name="maven.home" value="/usr/share/maven"/>
    <property name="file.separator" value="/"/>
    <property name="java.vendor.url.bug" value="http://bugreport.sun.com/bugreport/"/>
    <property name="sun.cpu.endian" value="little"/>
    <property name="sun.io.unicode.encoding" value="UnicodeLittle"/>
    <property name="sun.desktop" value="gnome"/>
    <property name="sun.cpu.isalist" value=""/>
  </properties>
  <testcase name="_eventpage_to_return_login_if_user_is_not_logged_in" classname="com.tlkble.suite.EventControllerTest" time="0.027"/>
  <testcase name="_an_event_which_has_been_created_can_be_ended" classname="com.tlkble.suite.EventControllerTest" time="0.278"/>
  <testcase name="_check_message_length_is_0" classname="com.tlkble.suite.EventControllerTest" time="0.595"/>
  <testcase name="_check_message_length_is_4" classname="com.tlkble.suite.EventControllerTest" time="0.045"/>
  <testcase name="_check_expletives_are_cloaked_but_first_character_and_last_are_not" classname="com.tlkble.suite.EventControllerTest" time="0.05"/>
  <testcase name="_authorised_users_can_join_an_event" classname="com.tlkble.suite.EventControllerTest" time="0.092"/>
  <testcase name="_a_user_cannot_join_an_event_after_it_has_been_ended" classname="com.tlkble.suite.EventControllerTest" time="0.056"/>
  <testcase name="_check_message_length_is_17" classname="com.tlkble.suite.EventControllerTest" time="0.052"/>
  <testcase name="_eventpage_to_return_login_if_user_is_not_logged_in_1" classname="com.tlkble.suite.EventControllerTest" time="0.084"/>
  <testcase name="_active_events_counter_shows_0" classname="com.tlkble.suite.EventControllerTest" time="0.14"/>
  <testcase name="_active_events_counter_shows_1" classname="com.tlkble.suite.EventControllerTest" time="0.296"/>
  <testcase name="_active_events_counter_shows_high_number" classname="com.tlkble.suite.EventControllerTest" time="1.121"/>
  <testcase name="_inactive_events_counter_shows_1" classname="com.tlkble.suite.EventControllerTest" time="0.124"/>
  <testcase name="_check_expletives_are_detected_1" classname="com.tlkble.suite.EventControllerTest" time="0.061"/>
  <testcase name="_check_expletives_are_detected_2" classname="com.tlkble.suite.EventControllerTest" time="0.068"/>
  <testcase name="_check_expletives_are_detected_3" classname="com.tlkble.suite.EventControllerTest" time="0.053"/>
</testsuite>