<?xml version="1.0" encoding="UTF-8"?>
<testsuite name="com.tlkble.suite.UserRestControllerTest" time="6.535" tests="28" errors="0" skipped="0" failures="0">
  <properties>
    <property name="java.runtime.name" value="OpenJDK Runtime Environment"/>
    <property name="sun.boot.library.path" value="/usr/lib/jvm/java-8-openjdk-amd64/jre/lib/amd64"/>
    <property name="java.vm.version" value="25.111-b14"/>
    <property name="awt.useSystemAAFontSettings" value="gasp"/>
    <property name="java.vm.vendor" value="Oracle Corporation"/>
    <property name="maven.multiModuleProjectDirectory" value="/home/ben/Documents/workspace-sts-3.9.1.RELEASE/talkable/tlkble"/>
    <property name="java.vendor.url" value="http://java.oracle.com/"/>
    <property name="path.separator" value=":"/>
    <property name="guice.disable.misplaced.annotation.check" value="true"/>
    <property name="java.vm.name" value="OpenJDK 64-Bit Server VM"/>
    <property name="file.encoding.pkg" value="sun.io"/>
    <property name="user.country" value="US"/>
    <property name="sun.java.launcher" value="SUN_STANDARD"/>
    <property name="sun.os.patch.level" value="unknown"/>
    <property name="java.vm.specification.name" value="Java Virtual Machine Specification"/>
    <property name="user.dir" value="/home/ben/Documents/workspace-sts-3.9.1.RELEASE/talkable/tlkble"/>
    <property name="java.runtime.version" value="1.8.0_111-8u111-b14-3-b14"/>
    <property name="java.awt.graphicsenv" value="sun.awt.X11GraphicsEnvironment"/>
    <property name="java.endorsed.dirs" value="/usr/lib/jvm/java-8-openjdk-amd64/jre/lib/endorsed"/>
    <property name="os.arch" value="amd64"/>
    <property name="java.io.tmpdir" value="/tmp"/>
    <property name="line.separator" value="&#10;"/>
    <property name="java.vm.specification.vendor" value="Oracle Corporation"/>
    <property name="os.name" value="Linux"/>
    <property name="classworlds.conf" value="/usr/share/maven/bin/m2.conf"/>
    <property name="sun.jnu.encoding" value="UTF-8"/>
    <property name="java.library.path" value="/usr/java/packages/lib/amd64:/usr/lib/x86_64-linux-gnu/jni:/lib/x86_64-linux-gnu:/usr/lib/x86_64-linux-gnu:/usr/lib/jni:/lib:/usr/lib"/>
    <property name="java.specification.name" value="Java Platform API Specification"/>
    <property name="java.class.version" value="52.0"/>
    <property name="sun.management.compiler" value="HotSpot 64-Bit Tiered Compilers"/>
    <property name="os.version" value="4.4.0-2-deepin-amd64"/>
    <property name="user.home" value="/home/ben"/>
    <property name="user.timezone" value="Etc/UTC"/>
    <property name="java.awt.printerjob" value="sun.print.PSPrinterJob"/>
    <property name="java.specification.version" value="1.8"/>
    <property name="file.encoding" value="UTF-8"/>
    <property name="user.name" value="ben"/>
    <property name="java.class.path" value="/usr/share/maven/boot/plexus-classworlds-2.x.jar"/>
    <property name="java.vm.specification.version" value="1.8"/>
    <property name="sun.arch.data.model" value="64"/>
    <property name="java.home" value="/usr/lib/jvm/java-8-openjdk-amd64/jre"/>
    <property name="sun.java.command" value="org.codehaus.plexus.classworlds.launcher.Launcher surefire-report:report"/>
    <property name="java.specification.vendor" value="Oracle Corporation"/>
    <property name="user.language" value="en"/>
    <property name="awt.toolkit" value="sun.awt.X11.XToolkit"/>
    <property name="java.vm.info" value="mixed mode"/>
    <property name="java.version" value="1.8.0_111"/>
    <property name="java.ext.dirs" value="/usr/lib/jvm/java-8-openjdk-amd64/jre/lib/ext:/usr/java/packages/lib/ext"/>
    <property name="securerandom.source" value="file:/dev/./urandom"/>
    <property name="sun.boot.class.path" value="/usr/lib/jvm/java-8-openjdk-amd64/jre/lib/resources.jar:/usr/lib/jvm/java-8-openjdk-amd64/jre/lib/rt.jar:/usr/lib/jvm/java-8-openjdk-amd64/jre/lib/sunrsasign.jar:/usr/lib/jvm/java-8-openjdk-amd64/jre/lib/jsse.jar:/usr/lib/jvm/java-8-openjdk-amd64/jre/lib/jce.jar:/usr/lib/jvm/java-8-openjdk-amd64/jre/lib/charsets.jar:/usr/lib/jvm/java-8-openjdk-amd64/jre/lib/jfr.jar:/usr/lib/jvm/java-8-openjdk-amd64/jre/classes"/>
    <property name="java.vendor" value="Oracle Corporation"/>
    <property name="maven.home" value="/usr/share/maven"/>
    <property name="file.separator" value="/"/>
    <property name="java.vendor.url.bug" value="http://bugreport.sun.com/bugreport/"/>
    <property name="sun.cpu.endian" value="little"/>
    <property name="sun.io.unicode.encoding" value="UnicodeLittle"/>
    <property name="sun.desktop" value="gnome"/>
    <property name="sun.cpu.isalist" value=""/>
  </properties>
  <testcase name="user_has_missing_username" classname="com.tlkble.suite.UserRestControllerTest" time="0.291"/>
  <testcase name="user_has_missing_first_name" classname="com.tlkble.suite.UserRestControllerTest" time="0.098"/>
  <testcase name="user_has_missing_last_name" classname="com.tlkble.suite.UserRestControllerTest" time="0.105"/>
  <testcase name="password_is_incorrect_format" classname="com.tlkble.suite.UserRestControllerTest" time="0.1"/>
  <testcase name="fname_contains_white_spaces_1" classname="com.tlkble.suite.UserRestControllerTest" time="0.096"/>
  <testcase name="uname_contains_white_spaces" classname="com.tlkble.suite.UserRestControllerTest" time="0.1"/>
  <testcase name="user_has_missing_password" classname="com.tlkble.suite.UserRestControllerTest" time="0.099"/>
  <testcase name="test_AJAX_username_check_on_a_user_which_doesnt_exist_response_entity_2" classname="com.tlkble.suite.UserRestControllerTest" time="0.78"/>
  <testcase name="test_AJAX_email_check_on_a_user_which_exists_response_entity" classname="com.tlkble.suite.UserRestControllerTest" time="0.484"/>
  <testcase name="username_is_incorrect_format_1" classname="com.tlkble.suite.UserRestControllerTest" time="0.096"/>
  <testcase name="complete_user" classname="com.tlkble.suite.UserRestControllerTest" time="0.429"/>
  <testcase name="user_email_address_wrong_format_1" classname="com.tlkble.suite.UserRestControllerTest" time="0.107"/>
  <testcase name="user_email_address_wrong_format_2" classname="com.tlkble.suite.UserRestControllerTest" time="0.105"/>
  <testcase name="user_email_address_wrong_format_3" classname="com.tlkble.suite.UserRestControllerTest" time="0.111"/>
  <testcase name="user_email_address_wrong_format_4" classname="com.tlkble.suite.UserRestControllerTest" time="0.101"/>
  <testcase name="user_email_address_wrong_format_5" classname="com.tlkble.suite.UserRestControllerTest" time="0.132"/>
  <testcase name="user_email_address_wrong_format_6" classname="com.tlkble.suite.UserRestControllerTest" time="0.097"/>
  <testcase name="uname_contains_white_spaces_1" classname="com.tlkble.suite.UserRestControllerTest" time="0.12"/>
  <testcase name="find_user_by_name_which_doesnt_exist" classname="com.tlkble.suite.UserRestControllerTest" time="0.731"/>
  <testcase name="username_is_incorrect_format" classname="com.tlkble.suite.UserRestControllerTest" time="0.093"/>
  <testcase name="test_AJAX_username_check_on_a_user_which_exists_response_entity" classname="com.tlkble.suite.UserRestControllerTest" time="0.463"/>
  <testcase name="user_has_missing_email_address" classname="com.tlkble.suite.UserRestControllerTest" time="0.109"/>
  <testcase name="password_is_incorrect_format_1" classname="com.tlkble.suite.UserRestControllerTest" time="0.118"/>
  <testcase name="password_is_incorrect_format_2" classname="com.tlkble.suite.UserRestControllerTest" time="0.113"/>
  <testcase name="password_is_incorrect_format_3" classname="com.tlkble.suite.UserRestControllerTest" time="0.432"/>
  <testcase name="find_user_by_name" classname="com.tlkble.suite.UserRestControllerTest" time="0.494"/>
  <testcase name="test_AJAX_email_check_on_a_user_which_doesnt_exist_response_entity_2" classname="com.tlkble.suite.UserRestControllerTest" time="0.434"/>
  <testcase name="fname_contains_white_spaces" classname="com.tlkble.suite.UserRestControllerTest" time="0.097"/>
</testsuite>